<?xml version="1.0" encoding="UTF-8"?>
<!-- Generated by org.testng.reporters.JUnitReportReporter -->
<testsuite hostname="Zephyrus" failures="0" tests="1" name="pages.NumbersTest.NumbersTestNGTests" time="0.008" errors="0" timestamp="2024-04-22T21:25:13 MSK" skipped="0">
  <testcase classname="pages.NumbersTest.NumbersTestNGTests" name="testNumberTestNG" time="0.008"/>
</testsuite> <!-- pages.NumbersTest.NumbersTestNGTests -->
