<?xml version="1.0" encoding="UTF-8"?>
<!-- Generated by org.testng.reporters.JUnitReportReporter -->
<testsuite hostname="Zephyrus" failures="0" tests="1" name="pages.PeopleTest.PersonTestNGTest" time="0.001" errors="0" timestamp="2024-04-22T21:25:13 MSK" skipped="0">
  <testcase classname="pages.PeopleTest.PersonTestNGTest" name="testPersonAgeTestNG" time="0.001"/>
</testsuite> <!-- pages.PeopleTest.PersonTestNGTest -->
