<?xml version="1.0" encoding="UTF-8"?>
<!-- Generated by org.testng.reporters.JUnitReportReporter -->
<testsuite hostname="Zephyrus" failures="0" tests="1" name="NumbersTest.NumbersTestNGTests" time="0.008" errors="0" timestamp="2024-04-18T17:13:41 MSK" skipped="0">
  <testcase classname="NumbersTest.NumbersTestNGTests" name="testNumberTestNG" time="0.008"/>
</testsuite> <!-- NumbersTest.NumbersTestNGTests -->
