<?xml version="1.0" encoding="UTF-8"?>
<!-- Generated by org.testng.reporters.JUnitReportReporter -->
<testsuite hostname="Zephyrus" failures="0" tests="1" name="NumbersTest.NumbersJUnitTests" time="0.002" errors="0" timestamp="2024-04-18T17:13:42 MSK" skipped="0">
  <testcase classname="NumbersTest.NumbersJUnitTests" name="testNumberJunit" time="0.002"/>
</testsuite> <!-- NumbersTest.NumbersJUnitTests -->
