<?xml version="1.0" encoding="UTF-8"?>
<!-- Generated by org.testng.reporters.JUnitReportReporter -->
<testsuite hostname="Zephyrus" failures="0" tests="1" name="pages.NumbersTest.NumbersJUnitTests" time="0.002" errors="0" timestamp="2024-04-22T21:26:58 MSK" skipped="0">
  <testcase classname="pages.NumbersTest.NumbersJUnitTests" name="testNumberJunit" time="0.002"/>
</testsuite> <!-- pages.NumbersTest.NumbersJUnitTests -->
