<?xml version="1.0" encoding="UTF-8"?>
<!-- Generated by org.testng.reporters.JUnitReportReporter -->
<testsuite hostname="Zephyrus" failures="0" tests="1" name="pages.PeopleTest.PersonJUnitTest" time="0.001" errors="0" timestamp="2024-04-22T21:26:58 MSK" skipped="0">
  <testcase classname="pages.PeopleTest.PersonJUnitTest" name="testPersonAgeJUnit" time="0.001"/>
</testsuite> <!-- pages.PeopleTest.PersonJUnitTest -->
