<?xml version="1.0" encoding="UTF-8"?>
<!-- Generated by org.testng.reporters.JUnitReportReporter -->
<testsuite hostname="Zephyrus" failures="0" tests="1" name="pages.booking.BookingLondonTests" time="8.236" errors="0" timestamp="2024-04-22T21:26:58 MSK" skipped="0">
  <testcase classname="pages.booking.BookingLondonTests" name="testLondon" time="8.236"/>
</testsuite> <!-- pages.booking.BookingLondonTests -->
