<?xml version="1.0" encoding="UTF-8"?>
<!-- Generated by org.testng.reporters.JUnitReportReporter -->
<testsuite hostname="Zephyrus" failures="0" tests="1" name="PeopleTest.PersonJUnitTest" time="0.000" errors="0" timestamp="2024-04-18T17:13:42 MSK" skipped="0">
  <testcase classname="PeopleTest.PersonJUnitTest" name="testPersonAgeJUnit" time="0.000"/>
</testsuite> <!-- PeopleTest.PersonJUnitTest -->
