<?xml version="1.0" encoding="UTF-8"?>
<!-- Generated by org.testng.reporters.JUnitReportReporter -->
<testsuite hostname="Zephyrus" failures="0" tests="1" name="tests.testng.tests.BookingLondonSearchTests" time="7.155" errors="0" timestamp="2024-04-24T17:21:16 MSK" skipped="0">
  <testcase classname="tests.testng.tests.BookingLondonSearchTests" name="BookingLondonSearch" time="7.155"/>
</testsuite> <!-- tests.testng.tests.BookingLondonSearchTests -->
