<?xml version="1.0" encoding="UTF-8"?>
<!-- Generated by org.testng.reporters.JUnitReportReporter -->
<testsuite hostname="Zephyrus" failures="0" tests="1" name="tests.testng.tests.BookingLondonSearchTests" time="6.764" errors="0" timestamp="2024-04-25T01:29:53 MSK" skipped="0">
  <testcase classname="tests.testng.tests.BookingLondonSearchTests" name="BookingLondonSearch" time="6.764"/>
</testsuite> <!-- tests.testng.tests.BookingLondonSearchTests -->
