<?xml version="1.0" encoding="UTF-8"?>
<!-- Generated by org.testng.reporters.JUnitReportReporter -->
<testsuite hostname="Zephyrus" failures="0" tests="1" name="tests.testNGtests.BookingTooltipTests" time="3.969" errors="0" timestamp="2024-04-23T18:50:01 MSK" skipped="0">
  <testcase classname="tests.testNGtests.BookingTooltipTests" name="BookingTooltips" time="3.969"/>
</testsuite> <!-- tests.testNGtests.BookingTooltipTests -->
