<?xml version="1.0" encoding="UTF-8"?>
<!-- Generated by org.testng.reporters.JUnitReportReporter -->
<testsuite hostname="Zephyrus" failures="0" tests="1" name="tests.testNGtests.BookingLondonSearchTests" time="6.075" errors="0" timestamp="2024-04-23T18:50:01 MSK" skipped="0">
  <testcase classname="tests.testNGtests.BookingLondonSearchTests" name="BookingLondonSearch" time="6.075"/>
</testsuite> <!-- tests.testNGtests.BookingLondonSearchTests -->
