<?xml version="1.0" encoding="UTF-8"?>
<!-- Generated by org.testng.reporters.JUnitReportReporter -->
<testsuite hostname="Zephyrus" failures="0" tests="1" name="tests.testng.tests.BookingTooltipTests" time="4.473" errors="0" timestamp="2024-04-24T17:21:16 MSK" skipped="0">
  <testcase classname="tests.testng.tests.BookingTooltipTests" name="BookingTooltips" time="4.473"/>
</testsuite> <!-- tests.testng.tests.BookingTooltipTests -->
