<?xml version="1.0" encoding="UTF-8"?>
<!-- Generated by org.testng.reporters.JUnitReportReporter -->
<testsuite hostname="Zephyrus" failures="0" tests="1" name="tests.testng.tests.BookingPrahaSearchTests" time="12.929" errors="0" timestamp="2024-04-25T13:41:01 MSK" skipped="0">
  <testcase classname="tests.testng.tests.BookingPrahaSearchTests" name="BookingPrahaSearch" time="12.929"/>
</testsuite> <!-- tests.testng.tests.BookingPrahaSearchTests -->
