<?xml version="1.0" encoding="UTF-8"?>
<!-- Generated by org.testng.reporters.JUnitReportReporter -->
<testsuite hostname="Zephyrus" failures="0" tests="1" name="tests.testng.tests.BookingLondonSearchTests" time="7.983" errors="0" timestamp="2024-04-23T20:19:55 MSK" skipped="0">
  <testcase classname="tests.testng.tests.BookingLondonSearchTests" name="BookingLondonSearch" time="7.983"/>
</testsuite> <!-- tests.testng.tests.BookingLondonSearchTests -->
