<?xml version="1.0" encoding="UTF-8"?>
<!-- Generated by org.testng.reporters.JUnitReportReporter -->
<testsuite hostname="Zephyrus" failures="0" tests="1" name="tests.testng.tests.BookingTooltipTests" time="5.978" errors="0" timestamp="2024-04-25T13:41:01 MSK" skipped="0">
  <testcase classname="tests.testng.tests.BookingTooltipTests" name="BookingTooltips" time="5.978"/>
</testsuite> <!-- tests.testng.tests.BookingTooltipTests -->
